Cheater 0
Pavlov 0
Randomer 0
Repeater 0
Xpeater 1

Cheater 1
Pavlov 0
Randomer 0
Repeater 0
Xpeater 0

Cheater 0
Pavlov 0
Randomer 0
Repeater 1
Xpeater 0

Cheater 0
Pavlov 0
Randomer 0
Repeater 1
Xpeater 0

Cheater 1
Pavlov 0
Randomer 0
Repeater 0
Xpeater 0

Cheater 1
Pavlov 0
Randomer 0
Repeater 0
Xpeater 0

Cheater 0
Pavlov 0
Randomer 0
Repeater 0.24
Xpeater 0.76

Cheater 0
Pavlov 0
Randomer 0
Repeater 0
Xpeater 1

Cheater 0
Pavlov 0
Randomer 0
Repeater 0
Xpeater 1

Cheater 0
Pavlov 0
Randomer 0
Repeater 0.16
Xpeater 0.84

