-803817696694118650627478118973.00000000000000000000000000000000
12536188336868278263878788.30620265007019042968750000000000
-184770451484342955624813.38732765614986419677734375000000
-15.90933844833627660645467038345698
6631104111838851167509333455.41711425781250000000000000000000
-69587.39256540585091241612352599991582
-23925453526080792342.90570479091217355093325376510620
-7505423694679926.01375446820984656263567189744208
-18107522729747612346014.81824737973511219024658203125000
-491690140756122345.82291231161662968423381857573986
-1000775159083479101751.70749291110772935917358398437500
-208973877830.37721219517781238553854827795444
309935112734378447437483507349.79687500000000000000000000000000
61169776114351812893745091436115.00000000000000000000000000000000
-5262835169791113066359.18350606691092252731323242187500
2707377.59595290462823738448259999262192
31730335431705995498892087785.62792968750000000000000000000000
-4400522545304325495019112083.59667968750000000000000000000000
-2248691866639798536237530346636.00000000000000000000000000000000
-3877942205271295.37707256474302013078864816125133
1398583845777055188356749870.48223876953125000000000000000000
21714915125539925394914085703506.00000000000000000000000000000000
30861708907080015740139161870.21093750000000000000000000000000
-3460813617006491668989299877.07769775390625000000000000000000
14485027440677.86619621541866280668944311399855
-880365767383459560.88214696874976117155906967818737
4025283116016209351976.57055247357536524172363281250000
43.03821281647679308994480000000025
-4568089800155269174.16862466427901174541523754596710
61481.55000000000398775000000000000000
-319103.58709546475327183183207366759284
1253512748.07276904904870458013670420165560
2745369382.43199959081984607600001524642144
-4109699.99730345871731509999857309865244
7149466915133199866776838950.24291992187500000000000000000000
50764499830302610705589133338904.00000000000000000000000000000000
-5682.56380297655591963389875599999825
5794471746219003286358566210.33117675781250000000000000000000
19127706983900779128.93922776029845797318367063999176
50992.26272421264179846065986599997408
304840100228808282739410977.26966857910156250000000000000000
-821.38289079390921150432104468151330
-13661929.46645278535527506093588006027750
24720104006384446835695.13245102949440479278564453125000
83401727.29480234715651705986499992950909
-40767827228576630.07759041703274957336315942229703
833763704292658207840.48680965418461135358285903930664
5079488.70028272697661059969054751382800
612811494469643.89417968816814509511332880538248
2004344897728409172609.38754474977031350135803222656250
48723.92532225000423433769000000008554
200761783920.18566695718280785636335358248572
25.02647598000000224482000000000004
30747744918139450023536615.28287839889526367187500000000000
50766667069250605723248800.48469734191894531250000000000000
-4000737487006423779257014133.23413085937500000000000000000000
-3618811869511721307.66686160928540356353522539138794
-119922.78679869527276273131490500010472
-876984277.83720005617904172300000025407210
7861283169920.16340848378026317817903457519435
395089.89757600005854358170000000207015
122186.89792802053330246517422000020888
147882.08394582789541497966015000069948
-337256846251791033547.07135406202939415757446289062500
1816495155564636756857.50564581246320001408691406250000
-645463993.27538487460521359054917485124155
38730513271558544644939001.69248962402343750000000000000000
45157196414071735818003.29141699708998203277587890625000
-12.43797904770291519051517464000000
12875225410533.59211666549938333864903944145226
5476.21065606211918326310820792469470
38949913612240.85640833951517990573177760628596
-27252214.83002829203536613123603365052544
9502635538677708329.23354888677871055813150852918625
-236528137862624876.57098522764005939156927317380905
-599935368033836622.58384837710394890162467500194907
10037434946011294892988532049325.00000000000000000000000000000000
1134703.91256268255851882376712014212168
-928292.98440484172556995503137833685835
-55710576678810.29734666623009303722896132335336
975.17229961399991109644400000000200
-18066.44186714324473904144076000001804
65612554684647798796933595832833.00000000000000000000000000000000
-3145350434786544981584.58351477980613708496093750000000
1365558983797296720554.19303217005134240461578369140625
-14.92082650338811657485135506179998
49938303996510008741912.45046813040971755981445312500000
88949215616702867501816.79956054687500000000000000000000
9.65882707667218069589353201682202
7081857139601835793171.59685268439352512359619140625000
-98860.42604273550384401066800000001632
111799683261264634.38189188888299326772827187087387
-2134640695561238193400.46448420966044068336486816406250
1799939376069993211.70764248169047173368205502629280
-284237497574082377672.91317284206087665862402915954590
6118691108.71574809971746336155662680840177
-1851802950699059652494.60784808204795794979858398437500
-8751909.16109999950612181099999997814908
160728951012267644956606156172.62500000000000000000000000000000
-138179721959283351.29091792952375042696646850090474
